[ 28%] Built target trajectory_controller
[ 57%] Built target trajectory_generator
[35m[1mScanning dependencies of target trajectory_follower[0m
[ 71%] [32mBuilding CXX object CMakeFiles/trajectory_follower.dir/src/FeedForwardController.cpp.o[0m
[ 85%] [32mBuilding CXX object CMakeFiles/trajectory_follower.dir/src/trajectory_follower_node.cpp.o[0m
[100%] [32m[1mLinking CXX executable /home/jrr/catkin_ws/devel/.private/lazo_abierto/lib/lazo_abierto/trajectory_follower[0m
/home/jrr/catkin_ws/devel/.private/lazo_abierto/lib/libtrajectory_controller.so: referencia a `TrajectoryFollower::control(ros::Time const&, double&, double&, double&)' sin definir
collect2: error: ld returned 1 exit status
CMakeFiles/trajectory_follower.dir/build.make:140: fallo en las instrucciones para el objetivo '/home/jrr/catkin_ws/devel/.private/lazo_abierto/lib/lazo_abierto/trajectory_follower'
make[2]: *** [/home/jrr/catkin_ws/devel/.private/lazo_abierto/lib/lazo_abierto/trajectory_follower] Error 1
CMakeFiles/Makefile2:67: fallo en las instrucciones para el objetivo 'CMakeFiles/trajectory_follower.dir/all'
make[1]: *** [CMakeFiles/trajectory_follower.dir/all] Error 2
Makefile:138: fallo en las instrucciones para el objetivo 'all'
make: *** [all] Error 2
