[35m[1mScanning dependencies of target trajectory_controller[0m
[ 14%] [32mBuilding CXX object CMakeFiles/trajectory_controller.dir/src/TrajectoryFollower.cpp.o[0m
[ 42%] Built target trajectory_generator
In file included from [01m[K/home/jrr/catkin_ws/src/lazo_abierto/src/TrajectoryFollower.cpp:1:0[m[K:
[01m[K/home/jrr/catkin_ws/src/lazo_abierto/include/lazo_abierto/TrajectoryFollower.h:23:80:[m[K [01;31m[Kerror: [m[KISO C++ forbids declaration of â€˜[01m[Kcontrol[m[Kâ€™ with no type [-fpermissive]
     virtual control(const ros::Time& t, double& v_x, double& v_y, double& w_z)=0;
[01;32m[K                                                                                ^[m[K
CMakeFiles/trajectory_controller.dir/build.make:62: fallo en las instrucciones para el objetivo 'CMakeFiles/trajectory_controller.dir/src/TrajectoryFollower.cpp.o'
make[2]: *** [CMakeFiles/trajectory_controller.dir/src/TrajectoryFollower.cpp.o] Error 1
CMakeFiles/Makefile2:104: fallo en las instrucciones para el objetivo 'CMakeFiles/trajectory_controller.dir/all'
make[1]: *** [CMakeFiles/trajectory_controller.dir/all] Error 2
Makefile:138: fallo en las instrucciones para el objetivo 'all'
make: *** [all] Error 2
