/home/jrr/catkin_ws/devel/.private/lazo_abierto/lib/libtrajectory_controller.so: referencia a `TrajectoryFollower::control(ros::Time const&, double&, double&, double&)' sin definir
collect2: error: ld returned 1 exit status
make[2]: *** [/home/jrr/catkin_ws/devel/.private/lazo_abierto/lib/lazo_abierto/trajectory_follower] Error 1
make[1]: *** [CMakeFiles/trajectory_follower.dir/all] Error 2
make: *** [all] Error 2
