[01m[K/home/jrr/catkin_ws/src/lazo_abierto/src/trajectory_generator_node.cpp:[m[K In function â€˜[01m[Kvoid build_sin_trajectory(double, double, double, double, robmovil_msgs::Trajectory&, nav_msgs::Path&)[m[Kâ€™:
[01m[K/home/jrr/catkin_ws/src/lazo_abierto/src/trajectory_generator_node.cpp:55:10:[m[K [01;35m[Kwarning: [m[Kunused variable â€˜[01m[Kinitial_orientation[m[Kâ€™ [-Wunused-variable]
   double initial_orientation = atan2( amplitude * (cycles * 2*M_PI * 1/total_time), cycles * 2*M_PI * 1/total_time );
[01;32m[K          ^[m[K
In file included from [01m[K/home/jrr/catkin_ws/src/lazo_abierto/src/trajectory_follower_node.cpp:2:0[m[K:
[01m[K/home/jrr/catkin_ws/src/lazo_abierto/include/lazo_abierto/FeedForwardController.h:11:10:[m[K [01;31m[Kerror: [m[Kâ€˜[01m[Kbool FeedForwardController::control(const ros::Time&, double&, double&, double&)[m[Kâ€™ marked â€˜[01m[Koverride[m[Kâ€™, but does not override
     bool control(const ros::Time& t, double& v_x, double& v_y, double& w) override;
[01;32m[K          ^[m[K
make[2]: *** [CMakeFiles/trajectory_follower.dir/src/trajectory_follower_node.cpp.o] Error 1
make[1]: *** [CMakeFiles/trajectory_follower.dir/all] Error 2
make: *** [all] Error 2
